INFO: [VRFC 10-2263] Analyzing Verilog file "D:/WALID/EMSE ETUDES/SEMESTRE 9 2023/Co-design FPGA/ASCON_Implementation/ASCON_Implementation.gen/sources_1/ip/clk_wiz_0/clk_wiz_0_clk_wiz.v" into library xil_defaultlib
INFO: [VRFC 10-311] analyzing module clk_wiz_0_clk_wiz
INFO: [VRFC 10-2263] Analyzing Verilog file "D:/WALID/EMSE ETUDES/SEMESTRE 9 2023/Co-design FPGA/ASCON_Implementation/ASCON_Implementation.gen/sources_1/ip/clk_wiz_0/clk_wiz_0.v" into library xil_defaultlib
INFO: [VRFC 10-311] analyzing module clk_wiz_0
INFO: [VRFC 10-2263] Analyzing Verilog file "D:/WALID/EMSE ETUDES/SEMESTRE 9 2023/Co-design FPGA/ASCON_Implementation/ASCON_Implementation.ip_user_files/ipstatic/simulation/blk_mem_gen_v8_4.v" into library blk_mem_gen_v8_4_5
INFO: [VRFC 10-311] analyzing module STATE_LOGIC_v8_4
INFO: [VRFC 10-311] analyzing module beh_vlog_muxf7_v8_4
INFO: [VRFC 10-311] analyzing module beh_vlog_ff_clr_v8_4
INFO: [VRFC 10-311] analyzing module beh_vlog_ff_pre_v8_4
INFO: [VRFC 10-311] analyzing module beh_vlog_ff_ce_clr_v8_4
INFO: [VRFC 10-311] analyzing module write_netlist_v8_4
INFO: [VRFC 10-311] analyzing module read_netlist_v8_4
INFO: [VRFC 10-311] analyzing module blk_mem_axi_write_wrapper_beh_v8_4
INFO: [VRFC 10-311] analyzing module blk_mem_axi_read_wrapper_beh_v8_4
INFO: [VRFC 10-311] analyzing module blk_mem_axi_regs_fwd_v8_4
INFO: [VRFC 10-311] analyzing module blk_mem_gen_v8_4_5_output_stage
INFO: [VRFC 10-311] analyzing module blk_mem_gen_v8_4_5_softecc_output_reg_stage
INFO: [VRFC 10-311] analyzing module blk_mem_gen_v8_4_5_mem_module
INFO: [VRFC 10-311] analyzing module blk_mem_gen_v8_4_5
INFO: [VRFC 10-2263] Analyzing Verilog file "D:/WALID/EMSE ETUDES/SEMESTRE 9 2023/Co-design FPGA/ASCON_Implementation/ASCON_Implementation.gen/sources_1/ip/ascon_datain_memory/sim/ascon_datain_memory.v" into library xil_defaultlib
INFO: [VRFC 10-311] analyzing module ascon_datain_memory
INFO: [VRFC 10-2263] Analyzing Verilog file "D:/WALID/EMSE ETUDES/SEMESTRE 9 2023/Co-design FPGA/ASCON_Implementation/ASCON_Implementation.sim/sim_1/behav/xsim/glbl.v" into library xil_defaultlib
INFO: [VRFC 10-311] analyzing module glbl
